videocompressor/build/intermediates/manifest_merge_blame_file/debug/manifest-merger-blame-debug-report.txt
1<?xml version="1.0" encoding="utf-8"?>
2<manifest xmlns:android="http://schemas.android.com/apk/res/android"
3    package="com.vincent.videocompressor"
4    android:versionCode="1"
5    android:versionName="1.0" >
6
7    <uses-sdk
8        android:minSdkVersion="15"
8-->src/main/AndroidManifest.xml
9        android:targetSdkVersion="29" />
9-->src/main/AndroidManifest.xml
10
11    <uses-permission android:name="android.permission.READ_EXTERNAL_STORAGE" />
11-->src/main/AndroidManifest.xml:4:5-79
11-->src/main/AndroidManifest.xml:4:22-77
12    <uses-permission android:name="android.permission.WRITE_EXTERNAL_STORAGE" />
12-->src/main/AndroidManifest.xml:5:5-80
12-->src/main/AndroidManifest.xml:5:22-78
13
14    <application
14-->src/main/AndroidManifest.xml:7:5-8:37
15        android:allowBackup="true"
15-->src/main/AndroidManifest.xml:7:18-44
16        android:label="@string/app_name"
16-->src/main/AndroidManifest.xml:7:45-77
17        android:supportsRtl="true" />
17-->src/main/AndroidManifest.xml:8:9-35
18
19</manifest>